\\PSF\HOME\GITHUB\LAYER7_VIRUS\VIRUS_NEW\DEBUG\JUNIRUS.OBJ
\\PSF\HOME\GITHUB\LAYER7_VIRUS\VIRUS_NEW\DEBUG\MAIN.OBJ
\\PSF\HOME\GITHUB\LAYER7_VIRUS\VIRUS_NEW\DEBUG\VC110.PDB
\\PSF\HOME\GITHUB\LAYER7_VIRUS\VIRUS_NEW\DEBUG\LOCK.OBJ
\\PSF\HOME\GITHUB\LAYER7_VIRUS\VIRUS_NEW\DEBUG\_COPY.OBJ
\\PSF\HOME\GITHUB\LAYER7_VIRUS\DEBUG\VIRUS_NEW.PDB
\\psf\Home\GitHub\layer7_virus\virus_new\Debug\_copy.obj
\\psf\Home\GitHub\layer7_virus\virus_new\Debug\junirus.obj
\\psf\Home\GitHub\layer7_virus\virus_new\Debug\lock.obj
\\psf\Home\GitHub\layer7_virus\virus_new\Debug\main.obj
\\psf\Home\GitHub\layer7_virus\virus_new\Debug\cl.command.1.tlog
\\psf\Home\GitHub\layer7_virus\virus_new\Debug\cl.read.1.tlog
\\psf\Home\GitHub\layer7_virus\virus_new\Debug\cl.write.1.tlog
\\psf\Home\GitHub\layer7_virus\virus_new\Debug\link-cvtres.read.1.tlog
\\psf\Home\GitHub\layer7_virus\virus_new\Debug\link-cvtres.write.1.tlog
\\psf\Home\GitHub\layer7_virus\virus_new\Debug\link-rc.read.1.tlog
\\psf\Home\GitHub\layer7_virus\virus_new\Debug\link-rc.write.1.tlog
\\psf\Home\GitHub\layer7_virus\virus_new\Debug\link.4320-cvtres.read.1.tlog
\\psf\Home\GitHub\layer7_virus\virus_new\Debug\link.4320-cvtres.write.1.tlog
\\psf\Home\GitHub\layer7_virus\virus_new\Debug\link.4320-rc.read.1.tlog
\\psf\Home\GitHub\layer7_virus\virus_new\Debug\link.4320-rc.write.1.tlog
\\psf\Home\GitHub\layer7_virus\virus_new\Debug\link.4320.read.1.tlog
\\psf\Home\GitHub\layer7_virus\virus_new\Debug\link.4320.write.1.tlog
\\psf\Home\GitHub\layer7_virus\virus_new\Debug\link.command.1.tlog
\\psf\Home\GitHub\layer7_virus\virus_new\Debug\link.read.1.tlog
\\psf\Home\GitHub\layer7_virus\virus_new\Debug\link.write.1.tlog
\\psf\Home\GitHub\layer7_virus\virus_new\Debug\vc110.idb
\\psf\Home\GitHub\layer7_virus\virus_new\Debug\vc120.idb
\\psf\Home\GitHub\layer7_virus\virus_new\Debug\vc110.pdb
\\psf\Home\GitHub\layer7_virus\virus_new\Debug\vc120.pdb
\\psf\Home\GitHub\layer7_virus\Debug\virus_new.pdb
\\psf\Home\GitHub\layer7_virus\Debug\virus_new.ilk
